<?xml version="1.0" encoding="UTF-8"?>
<!-- Generated by org.testng.reporters.JUnitXMLReporter -->
<testsuite hostname="LAPTOP-QFB7FCFV" ignored="0" name="Default test" tests="3" failures="0" timestamp="2023-03-02T09:35:38 CST" time="4.051" errors="0">
  <testcase name="createOneProduct" time="2.492" classname="TestCases.CreateOneProduct"/>
  <testcase name="readAllProducts" time="1.179" classname="TestCases.CreateOneProduct"/>
  <testcase name="readOneProducts" time="0.346" classname="TestCases.CreateOneProduct"/>
</testsuite> <!-- Default test -->
